{"/Users/laurence11/Documents/Bootcamp/Week 5/Week_5_Project_Cheese-Board/cheese-boards/db/db.js": {"path":"/Users/laurence11/Documents/Bootcamp/Week 5/Week_5_Project_Cheese-Board/cheese-boards/db/db.js","statementMap":{"0":{"start":{"line":1,"column":20},"end":{"line":1,"column":40}},"1":{"start":{"line":2,"column":13},"end":{"line":2,"column":28}},"2":{"start":{"line":4,"column":11},"end":{"line":8,"column":2}},"3":{"start":{"line":10,"column":0},"end":{"line":10,"column":19}}},"fnMap":{},"branchMap":{},"s":{"0":4,"1":4,"2":4,"3":4},"f":{},"b":{},"_coverageSchema":"1a1c01bbd47fc00a2c39e90264f33305004495a9","hash":"7695c57098b06a28f3d5d062bc7eb72b95b3a07f"}
,"/Users/laurence11/Documents/Bootcamp/Week 5/Week_5_Project_Cheese-Board/cheese-boards/db/seed.js": {"path":"/Users/laurence11/Documents/Bootcamp/Week 5/Week_5_Project_Cheese-Board/cheese-boards/db/seed.js","statementMap":{"0":{"start":{"line":1,"column":32},"end":{"line":1,"column":52}},"1":{"start":{"line":2,"column":11},"end":{"line":2,"column":30}},"2":{"start":{"line":6,"column":4},"end":{"line":6,"column":31}},"3":{"start":{"line":8,"column":4},"end":{"line":25,"column":6}},"4":{"start":{"line":27,"column":4},"end":{"line":64,"column":6}},"5":{"start":{"line":66,"column":4},"end":{"line":119,"column":6}},"6":{"start":{"line":121,"column":18},"end":{"line":121,"column":39}},"7":{"start":{"line":122,"column":20},"end":{"line":122,"column":42}},"8":{"start":{"line":123,"column":4},"end":{"line":123,"column":42}},"9":{"start":{"line":124,"column":4},"end":{"line":124,"column":52}},"10":{"start":{"line":125,"column":4},"end":{"line":125,"column":42}},"11":{"start":{"line":126,"column":4},"end":{"line":126,"column":42}},"12":{"start":{"line":127,"column":4},"end":{"line":127,"column":42}},"13":{"start":{"line":128,"column":4},"end":{"line":128,"column":51}},"14":{"start":{"line":129,"column":4},"end":{"line":129,"column":42}},"15":{"start":{"line":130,"column":4},"end":{"line":130,"column":51}},"16":{"start":{"line":131,"column":4},"end":{"line":131,"column":51}},"17":{"start":{"line":132,"column":4},"end":{"line":132,"column":42}},"18":{"start":{"line":133,"column":4},"end":{"line":133,"column":43}},"19":{"start":{"line":134,"column":4},"end":{"line":134,"column":43}},"20":{"start":{"line":135,"column":4},"end":{"line":135,"column":43}},"21":{"start":{"line":139,"column":0},"end":{"line":139,"column":24}}},"fnMap":{"0":{"name":"seed","decl":{"start":{"line":4,"column":15},"end":{"line":4,"column":19}},"loc":{"start":{"line":4,"column":22},"end":{"line":138,"column":1}},"line":4}},"branchMap":{},"s":{"0":4,"1":4,"2":0,"3":0,"4":0,"5":0,"6":0,"7":0,"8":0,"9":0,"10":0,"11":0,"12":0,"13":0,"14":0,"15":0,"16":0,"17":0,"18":0,"19":0,"20":0,"21":4},"f":{"0":0},"b":{},"_coverageSchema":"1a1c01bbd47fc00a2c39e90264f33305004495a9","hash":"05d75144f417a49bb67e84920036f1705fc88d58"}
,"/Users/laurence11/Documents/Bootcamp/Week 5/Week_5_Project_Cheese-Board/cheese-boards/models/board.model.js": {"path":"/Users/laurence11/Documents/Bootcamp/Week 5/Week_5_Project_Cheese-Board/cheese-boards/models/board.model.js","statementMap":{"0":{"start":{"line":1,"column":38},"end":{"line":1,"column":58}},"1":{"start":{"line":2,"column":11},"end":{"line":2,"column":30}},"2":{"start":{"line":6,"column":0},"end":{"line":26,"column":2}},"3":{"start":{"line":28,"column":0},"end":{"line":28,"column":22}}},"fnMap":{},"branchMap":{},"s":{"0":4,"1":4,"2":4,"3":4},"f":{},"b":{},"_coverageSchema":"1a1c01bbd47fc00a2c39e90264f33305004495a9","hash":"fb7f2b07b75597c5a63c3394e07534a56651f22f"}
,"/Users/laurence11/Documents/Bootcamp/Week 5/Week_5_Project_Cheese-Board/cheese-boards/models/cheese.model.js": {"path":"/Users/laurence11/Documents/Bootcamp/Week 5/Week_5_Project_Cheese-Board/cheese-boards/models/cheese.model.js","statementMap":{"0":{"start":{"line":1,"column":38},"end":{"line":1,"column":58}},"1":{"start":{"line":2,"column":11},"end":{"line":2,"column":30}},"2":{"start":{"line":6,"column":0},"end":{"line":22,"column":2}},"3":{"start":{"line":24,"column":0},"end":{"line":24,"column":23}}},"fnMap":{},"branchMap":{},"s":{"0":4,"1":4,"2":4,"3":4},"f":{},"b":{},"_coverageSchema":"1a1c01bbd47fc00a2c39e90264f33305004495a9","hash":"70ac20cc337c0f41de61c48ed758c73dd3d17561"}
,"/Users/laurence11/Documents/Bootcamp/Week 5/Week_5_Project_Cheese-Board/cheese-boards/models/index.js": {"path":"/Users/laurence11/Documents/Bootcamp/Week 5/Week_5_Project_Cheese-Board/cheese-boards/models/index.js","statementMap":{"0":{"start":{"line":1,"column":14},"end":{"line":1,"column":38}},"1":{"start":{"line":2,"column":15},"end":{"line":2,"column":40}},"2":{"start":{"line":3,"column":13},"end":{"line":3,"column":36}},"3":{"start":{"line":8,"column":0},"end":{"line":8,"column":20}},"4":{"start":{"line":9,"column":0},"end":{"line":9,"column":22}},"5":{"start":{"line":12,"column":0},"end":{"line":12,"column":54}},"6":{"start":{"line":13,"column":0},"end":{"line":13,"column":54}},"7":{"start":{"line":16,"column":0},"end":{"line":16,"column":40}}},"fnMap":{},"branchMap":{},"s":{"0":4,"1":4,"2":4,"3":4,"4":4,"5":4,"6":4,"7":4},"f":{},"b":{},"_coverageSchema":"1a1c01bbd47fc00a2c39e90264f33305004495a9","hash":"9d62feb8c801ad7956acf4f795c0cd8e6de02abd"}
,"/Users/laurence11/Documents/Bootcamp/Week 5/Week_5_Project_Cheese-Board/cheese-boards/models/user.model.js": {"path":"/Users/laurence11/Documents/Bootcamp/Week 5/Week_5_Project_Cheese-Board/cheese-boards/models/user.model.js","statementMap":{"0":{"start":{"line":1,"column":38},"end":{"line":1,"column":58}},"1":{"start":{"line":2,"column":11},"end":{"line":2,"column":30}},"2":{"start":{"line":6,"column":0},"end":{"line":27,"column":2}},"3":{"start":{"line":29,"column":0},"end":{"line":29,"column":21}}},"fnMap":{},"branchMap":{},"s":{"0":4,"1":4,"2":4,"3":4},"f":{},"b":{},"_coverageSchema":"1a1c01bbd47fc00a2c39e90264f33305004495a9","hash":"76771fe1a763ff8385266aedc07aaeb02dc25125"}
}
