{"/Users/laurence11/Documents/Bootcamp/Week 5/untitled folder/cheese-boards/db/db.js": {"path":"/Users/laurence11/Documents/Bootcamp/Week 5/untitled folder/cheese-boards/db/db.js","statementMap":{"0":{"start":{"line":1,"column":20},"end":{"line":1,"column":40}},"1":{"start":{"line":2,"column":13},"end":{"line":2,"column":28}},"2":{"start":{"line":4,"column":11},"end":{"line":8,"column":2}},"3":{"start":{"line":10,"column":0},"end":{"line":10,"column":19}}},"fnMap":{},"branchMap":{},"s":{"0":5,"1":5,"2":5,"3":5},"f":{},"b":{},"_coverageSchema":"1a1c01bbd47fc00a2c39e90264f33305004495a9","hash":"7b534ef26ad5dafacfbfc7219dd6fcaf5863d439"}
,"/Users/laurence11/Documents/Bootcamp/Week 5/untitled folder/cheese-boards/models/board.model.js": {"path":"/Users/laurence11/Documents/Bootcamp/Week 5/untitled folder/cheese-boards/models/board.model.js","statementMap":{"0":{"start":{"line":1,"column":38},"end":{"line":1,"column":58}},"1":{"start":{"line":2,"column":11},"end":{"line":2,"column":30}},"2":{"start":{"line":4,"column":14},"end":{"line":33,"column":2}},"3":{"start":{"line":35,"column":0},"end":{"line":35,"column":22}}},"fnMap":{},"branchMap":{},"s":{"0":4,"1":4,"2":4,"3":4},"f":{},"b":{},"_coverageSchema":"1a1c01bbd47fc00a2c39e90264f33305004495a9","hash":"a472291f6bf1d40f44eb4fe9b3c68a25c19649fe"}
,"/Users/laurence11/Documents/Bootcamp/Week 5/untitled folder/cheese-boards/models/cheese.model.js": {"path":"/Users/laurence11/Documents/Bootcamp/Week 5/untitled folder/cheese-boards/models/cheese.model.js","statementMap":{"0":{"start":{"line":1,"column":38},"end":{"line":1,"column":58}},"1":{"start":{"line":2,"column":11},"end":{"line":2,"column":30}},"2":{"start":{"line":4,"column":15},"end":{"line":26,"column":2}},"3":{"start":{"line":28,"column":0},"end":{"line":28,"column":23}}},"fnMap":{},"branchMap":{},"s":{"0":4,"1":4,"2":4,"3":4},"f":{},"b":{},"_coverageSchema":"1a1c01bbd47fc00a2c39e90264f33305004495a9","hash":"b73082ecd8159d6f1001c3985ba8266afb38dc4b"}
,"/Users/laurence11/Documents/Bootcamp/Week 5/untitled folder/cheese-boards/models/index.js": {"path":"/Users/laurence11/Documents/Bootcamp/Week 5/untitled folder/cheese-boards/models/index.js","statementMap":{"0":{"start":{"line":1,"column":14},"end":{"line":1,"column":38}},"1":{"start":{"line":2,"column":15},"end":{"line":2,"column":40}},"2":{"start":{"line":3,"column":13},"end":{"line":3,"column":36}},"3":{"start":{"line":8,"column":0},"end":{"line":8,"column":20}},"4":{"start":{"line":9,"column":0},"end":{"line":9,"column":22}},"5":{"start":{"line":12,"column":0},"end":{"line":12,"column":54}},"6":{"start":{"line":13,"column":0},"end":{"line":13,"column":54}},"7":{"start":{"line":15,"column":0},"end":{"line":15,"column":40}}},"fnMap":{},"branchMap":{},"s":{"0":4,"1":4,"2":4,"3":4,"4":4,"5":4,"6":4,"7":4},"f":{},"b":{},"_coverageSchema":"1a1c01bbd47fc00a2c39e90264f33305004495a9","hash":"9f15a05ba0a23e65769ce0e3c41ea4bc7bcc631a"}
,"/Users/laurence11/Documents/Bootcamp/Week 5/untitled folder/cheese-boards/models/user.model.js": {"path":"/Users/laurence11/Documents/Bootcamp/Week 5/untitled folder/cheese-boards/models/user.model.js","statementMap":{"0":{"start":{"line":1,"column":38},"end":{"line":1,"column":58}},"1":{"start":{"line":2,"column":11},"end":{"line":2,"column":30}},"2":{"start":{"line":4,"column":13},"end":{"line":28,"column":2}},"3":{"start":{"line":30,"column":0},"end":{"line":30,"column":21}}},"fnMap":{},"branchMap":{},"s":{"0":4,"1":4,"2":4,"3":4},"f":{},"b":{},"_coverageSchema":"1a1c01bbd47fc00a2c39e90264f33305004495a9","hash":"af178d5d98de9df63784a96e49e921966eb64731"}
}
