TN:
SF:db/db.js
FNF:0
FNH:0
DA:1,4
DA:2,4
DA:4,4
DA:10,4
LF:4
LH:4
BRF:0
BRH:0
end_of_record
TN:
SF:db/seed.js
FN:4,seed
FNF:1
FNH:0
FNDA:0,seed
DA:1,4
DA:2,4
DA:6,0
DA:8,0
DA:27,0
DA:66,0
DA:121,0
DA:122,0
DA:123,0
DA:124,0
DA:125,0
DA:126,0
DA:127,0
DA:128,0
DA:129,0
DA:130,0
DA:131,0
DA:132,0
DA:133,0
DA:134,0
DA:135,0
DA:139,4
LF:22
LH:3
BRF:0
BRH:0
end_of_record
TN:
SF:models/board.model.js
FNF:0
FNH:0
DA:1,4
DA:2,4
DA:6,4
DA:28,4
LF:4
LH:4
BRF:0
BRH:0
end_of_record
TN:
SF:models/cheese.model.js
FNF:0
FNH:0
DA:1,4
DA:2,4
DA:6,4
DA:24,4
LF:4
LH:4
BRF:0
BRH:0
end_of_record
TN:
SF:models/index.js
FNF:0
FNH:0
DA:1,4
DA:2,4
DA:3,4
DA:8,4
DA:9,4
DA:12,4
DA:13,4
DA:16,4
LF:8
LH:8
BRF:0
BRH:0
end_of_record
TN:
SF:models/user.model.js
FNF:0
FNH:0
DA:1,4
DA:2,4
DA:6,4
DA:29,4
LF:4
LH:4
BRF:0
BRH:0
end_of_record
